2023-02-08 21:08:30,910 [Worker-0: Loading available Gradle versions] INFO  o.e.b.c.i.u.g.PublishedGradleVersions - Gradle version information cache is up-to-date. Trying to read.
2023-02-08 21:09:05,891 [Worker-6: Updating Maven Dependencies] INFO  o.e.m.c.i.l.LifecycleMappingFactory - Using org.eclipse.m2e.jdt.JarLifecycleMapping lifecycle mapping for MavenProject: com.algaworks:algaworks-contatos:0.0.1-SNAPSHOT @ C:\Users\matos\eclipse-workspace\curso-logica-de-programacao-com-java-master\13.05-criando-um-projeto-com-o-sts\AlgaWorksContatos\pom.xml.
2023-02-08 21:09:05,891 [Worker-3: Building] INFO  o.e.m.c.i.l.LifecycleMappingFactory - Using org.eclipse.m2e.jdt.JarLifecycleMapping lifecycle mapping for MavenProject: com.algaworks:algaworks-contatos:0.0.1-SNAPSHOT @ C:\Users\matos\eclipse-workspace\curso-logica-de-programacao-com-java-master\13.05-criando-um-projeto-com-o-sts\AlgaWorksContatos\pom.xml.
2023-02-08 21:09:19,901 [Worker-3: Building] INFO  o.e.m.c.i.e.AbstractTransferListenerAdapter - Downloaded https://repo.maven.apache.org/maven2/org/apache/maven/plugins/maven-surefire-plugin/2.18.1/maven-surefire-plugin-2.18.1.pom
2023-02-08 21:09:20,557 [Worker-3: Building] INFO  o.e.m.c.i.e.AbstractTransferListenerAdapter - Downloaded https://repo.maven.apache.org/maven2/org/apache/maven/plugins/maven-jar-plugin/2.6/maven-jar-plugin-2.6.pom
2023-02-08 21:09:21,777 [Worker-3: Building] INFO  o.e.m.c.i.l.LifecycleMappingFactory - Using org.eclipse.m2e.jdt.JarLifecycleMapping lifecycle mapping for MavenProject: com.algaworks:algaworks-contatos:0.0.1-SNAPSHOT @ C:\Users\matos\eclipse-workspace\curso-logica-de-programacao-com-java-master\13.06-incluindo-as-paginas-html-no-projeto\AlgaWorksContatos\pom.xml.
2023-02-08 21:09:23,324 [Worker-0: Updating Maven Project] INFO  o.e.m.c.i.p.ProjectConfigurationManager - Update started
2023-02-08 21:09:23,902 [Worker-0: Updating Maven Project] INFO  o.e.m.c.i.l.LifecycleMappingFactory - Using org.eclipse.m2e.jdt.JarLifecycleMapping lifecycle mapping for MavenProject: com.algaworks:algaworks-contatos:0.0.1-SNAPSHOT @ C:\Users\matos\eclipse-workspace\curso-logica-de-programacao-com-java-master\13.05-criando-um-projeto-com-o-sts\AlgaWorksContatos\pom.xml.
2023-02-08 21:09:25,587 [Worker-0: Updating Maven Project] INFO  o.e.m.c.i.p.ProjectConfigurationManager - Update completed for 1 poms: local refresh takes 0,00 sec, refresh facades takes 2,00 sec, update config takes 0,00 sec 
2023-02-08 21:09:25,650 [Worker-4: Updating Maven Project] INFO  o.e.m.c.i.p.ProjectConfigurationManager - Update started
2023-02-08 21:09:26,353 [Worker-4: Updating Maven Project] INFO  o.e.m.c.i.l.LifecycleMappingFactory - Using org.eclipse.m2e.jdt.JarLifecycleMapping lifecycle mapping for MavenProject: com.algaworks:algaworks-contatos:0.0.1-SNAPSHOT @ C:\Users\matos\eclipse-workspace\curso-logica-de-programacao-com-java-master\13.06-incluindo-as-paginas-html-no-projeto\AlgaWorksContatos\pom.xml.
2023-02-08 21:09:27,306 [Worker-4: Updating Maven Project] INFO  o.e.m.c.i.p.ProjectConfigurationManager - Update completed for 1 poms: local refresh takes 0,00 sec, refresh facades takes 1,00 sec, update config takes 0,00 sec 
2023-02-08 21:09:27,369 [Worker-3: Updating Maven Project] INFO  o.e.m.c.i.p.ProjectConfigurationManager - Update started
2023-02-08 21:09:27,837 [Worker-3: Updating Maven Project] INFO  o.e.m.c.i.l.LifecycleMappingFactory - Using org.eclipse.m2e.jdt.JarLifecycleMapping lifecycle mapping for MavenProject: com.algaworks:algaworks-contatos:0.0.1-SNAPSHOT @ C:\Users\matos\eclipse-workspace\curso-logica-de-programacao-com-java-master\13.05-criando-um-projeto-com-o-sts\AlgaWorksContatos\pom.xml.
2023-02-08 21:09:28,556 [Worker-3: Updating Maven Project] INFO  o.e.m.c.i.p.ProjectConfigurationManager - Update completed for 1 poms: local refresh takes 0,00 sec, refresh facades takes 1,00 sec, update config takes 0,00 sec 
2023-02-08 21:09:28,634 [Worker-7: Updating Maven Project] INFO  o.e.m.c.i.p.ProjectConfigurationManager - Update started
2023-02-08 21:09:29,197 [Worker-7: Updating Maven Project] INFO  o.e.m.c.i.l.LifecycleMappingFactory - Using org.eclipse.m2e.jdt.JarLifecycleMapping lifecycle mapping for MavenProject: com.algaworks:algaworks-contatos:0.0.1-SNAPSHOT @ C:\Users\matos\eclipse-workspace\curso-logica-de-programacao-com-java-master\13.06-incluindo-as-paginas-html-no-projeto\AlgaWorksContatos\pom.xml.
2023-02-08 21:09:30,030 [Worker-7: Updating Maven Project] INFO  o.e.m.c.i.p.ProjectConfigurationManager - Update completed for 1 poms: local refresh takes 0,00 sec, refresh facades takes 1,00 sec, update config takes 0,00 sec 
2023-02-08 21:09:31,445 [Worker-0: Building] INFO  o.e.m.c.i.l.LifecycleMappingFactory - Using org.eclipse.m2e.jdt.JarLifecycleMapping lifecycle mapping for MavenProject: com.algaworks:algaworks-contatos:0.0.1-SNAPSHOT @ C:\Users\matos\eclipse-workspace\curso-logica-de-programacao-com-java-master\14.01-importando-o-projeto-de-base\AlgaWorksContatos\pom.xml.
2023-02-08 21:09:32,437 [Worker-0: Updating Maven Project] INFO  o.e.m.c.i.p.ProjectConfigurationManager - Update started
2023-02-08 21:09:32,827 [Worker-0: Updating Maven Project] INFO  o.e.m.c.i.l.LifecycleMappingFactory - Using org.eclipse.m2e.jdt.JarLifecycleMapping lifecycle mapping for MavenProject: com.algaworks:algaworks-contatos:0.0.1-SNAPSHOT @ C:\Users\matos\eclipse-workspace\curso-logica-de-programacao-com-java-master\14.01-importando-o-projeto-de-base\AlgaWorksContatos\pom.xml.
2023-02-08 21:09:33,624 [Worker-0: Updating Maven Project] INFO  o.e.m.c.i.p.ProjectConfigurationManager - Update completed for 1 poms: local refresh takes 0,00 sec, refresh facades takes 1,00 sec, update config takes 0,00 sec 
2023-02-08 21:09:34,781 [Worker-13: Building] INFO  o.e.m.c.i.l.LifecycleMappingFactory - Using org.eclipse.m2e.jdt.JarLifecycleMapping lifecycle mapping for MavenProject: com.algaworks:algaworks-contatos:0.0.1-SNAPSHOT @ C:\Users\matos\eclipse-workspace\curso-logica-de-programacao-com-java-master\14.02-criando-a-classe-contato\AlgaWorksContatos\pom.xml.
2023-02-08 21:09:36,236 [Worker-13: Updating Maven Project] INFO  o.e.m.c.i.p.ProjectConfigurationManager - Update started
2023-02-08 21:09:36,816 [Worker-13: Updating Maven Project] INFO  o.e.m.c.i.l.LifecycleMappingFactory - Using org.eclipse.m2e.jdt.JarLifecycleMapping lifecycle mapping for MavenProject: com.algaworks:algaworks-contatos:0.0.1-SNAPSHOT @ C:\Users\matos\eclipse-workspace\curso-logica-de-programacao-com-java-master\14.02-criando-a-classe-contato\AlgaWorksContatos\pom.xml.
2023-02-08 21:09:37,694 [Worker-13: Updating Maven Project] INFO  o.e.m.c.i.p.ProjectConfigurationManager - Update completed for 1 poms: local refresh takes 0,00 sec, refresh facades takes 1,00 sec, update config takes 0,00 sec 
2023-02-08 21:09:38,991 [Worker-9: Building] INFO  o.e.m.c.i.l.LifecycleMappingFactory - Using org.eclipse.m2e.jdt.JarLifecycleMapping lifecycle mapping for MavenProject: com.algaworks:algaworks-contatos:0.0.1-SNAPSHOT @ C:\Users\matos\eclipse-workspace\curso-logica-de-programacao-com-java-master\14.03-configurando-o-armazenamento-de-contatos\AlgaWorksContatos\pom.xml.
2023-02-08 21:09:39,913 [Worker-12: Updating Maven Project] INFO  o.e.m.c.i.p.ProjectConfigurationManager - Update started
2023-02-08 21:09:40,304 [Worker-12: Updating Maven Project] INFO  o.e.m.c.i.l.LifecycleMappingFactory - Using org.eclipse.m2e.jdt.JarLifecycleMapping lifecycle mapping for MavenProject: com.algaworks:algaworks-contatos:0.0.1-SNAPSHOT @ C:\Users\matos\eclipse-workspace\curso-logica-de-programacao-com-java-master\14.03-configurando-o-armazenamento-de-contatos\AlgaWorksContatos\pom.xml.
2023-02-08 21:09:41,179 [Worker-12: Updating Maven Project] INFO  o.e.m.c.i.p.ProjectConfigurationManager - Update completed for 1 poms: local refresh takes 0,00 sec, refresh facades takes 1,00 sec, update config takes 0,00 sec 
2023-02-08 21:09:42,854 [Worker-14: Building] INFO  o.e.m.c.i.l.LifecycleMappingFactory - Using org.eclipse.m2e.jdt.JarLifecycleMapping lifecycle mapping for MavenProject: com.algaworks:algaworks-contatos:0.0.1-SNAPSHOT @ C:\Users\matos\eclipse-workspace\curso-logica-de-programacao-com-java-master\14.04-listando-os-contatos-na-pagina\AlgaWorksContatos\pom.xml.
2023-02-08 21:09:45,552 [Worker-14: Building] INFO  o.e.m.c.i.l.LifecycleMappingFactory - Using org.eclipse.m2e.jdt.JarLifecycleMapping lifecycle mapping for MavenProject: com.algaworks:algaworks-contatos:0.0.1-SNAPSHOT @ C:\Users\matos\eclipse-workspace\curso-logica-de-programacao-com-java-master\14.06-fazendo-a-pagina-de-cadastro-funcionar\AlgaWorksContatos\pom.xml.
2023-02-08 21:09:47,207 [Worker-14: Updating Maven Project] INFO  o.e.m.c.i.p.ProjectConfigurationManager - Update started
2023-02-08 21:09:47,953 [Worker-14: Updating Maven Project] INFO  o.e.m.c.i.l.LifecycleMappingFactory - Using org.eclipse.m2e.jdt.JarLifecycleMapping lifecycle mapping for MavenProject: com.algaworks:algaworks-contatos:0.0.1-SNAPSHOT @ C:\Users\matos\eclipse-workspace\curso-logica-de-programacao-com-java-master\14.04-listando-os-contatos-na-pagina\AlgaWorksContatos\pom.xml.
2023-02-08 21:09:48,797 [Worker-14: Updating Maven Project] INFO  o.e.m.c.i.p.ProjectConfigurationManager - Update completed for 1 poms: local refresh takes 0,00 sec, refresh facades takes 1,00 sec, update config takes 0,00 sec 
2023-02-08 21:09:48,844 [Worker-5: Updating Maven Project] INFO  o.e.m.c.i.p.ProjectConfigurationManager - Update started
2023-02-08 21:09:49,359 [Worker-5: Updating Maven Project] INFO  o.e.m.c.i.l.LifecycleMappingFactory - Using org.eclipse.m2e.jdt.JarLifecycleMapping lifecycle mapping for MavenProject: com.algaworks:algaworks-contatos:0.0.1-SNAPSHOT @ C:\Users\matos\eclipse-workspace\curso-logica-de-programacao-com-java-master\14.06-fazendo-a-pagina-de-cadastro-funcionar\AlgaWorksContatos\pom.xml.
2023-02-08 21:09:50,265 [Worker-5: Updating Maven Project] INFO  o.e.m.c.i.p.ProjectConfigurationManager - Update completed for 1 poms: local refresh takes 0,00 sec, refresh facades takes 1,00 sec, update config takes 0,00 sec 
2023-02-08 21:09:50,312 [Worker-8: Updating Maven Project] INFO  o.e.m.c.i.p.ProjectConfigurationManager - Update started
2023-02-08 21:09:50,750 [Worker-8: Updating Maven Project] INFO  o.e.m.c.i.l.LifecycleMappingFactory - Using org.eclipse.m2e.jdt.JarLifecycleMapping lifecycle mapping for MavenProject: com.algaworks:algaworks-contatos:0.0.1-SNAPSHOT @ C:\Users\matos\eclipse-workspace\curso-logica-de-programacao-com-java-master\14.04-listando-os-contatos-na-pagina\AlgaWorksContatos\pom.xml.
2023-02-08 21:09:51,547 [Worker-8: Updating Maven Project] INFO  o.e.m.c.i.p.ProjectConfigurationManager - Update completed for 1 poms: local refresh takes 0,00 sec, refresh facades takes 1,00 sec, update config takes 0,00 sec 
2023-02-08 21:09:54,241 [Worker-0: Updating Maven Dependencies] INFO  o.e.m.c.i.l.LifecycleMappingFactory - Using org.eclipse.m2e.jdt.JarLifecycleMapping lifecycle mapping for MavenProject: com.algaworks:algaworks-contatos:0.0.1-SNAPSHOT @ C:\Users\matos\eclipse-workspace\curso-logica-de-programacao-com-java-master\13.05-criando-um-projeto-com-o-sts\AlgaWorksContatos\pom.xml.
2023-02-08 21:09:54,397 [Worker-4: Building] INFO  o.e.m.c.i.l.LifecycleMappingFactory - Using org.eclipse.m2e.jdt.JarLifecycleMapping lifecycle mapping for MavenProject: com.algaworks:algaworks-contatos:0.0.1-SNAPSHOT @ C:\Users\matos\eclipse-workspace\curso-logica-de-programacao-com-java-master\14.08-cadastrando-um-contato\AlgaWorksContatos\pom.xml.
2023-02-08 21:09:55,093 [Worker-4: Updating Maven Project] INFO  o.e.m.c.i.p.ProjectConfigurationManager - Update started
2023-02-08 21:09:55,472 [Worker-4: Updating Maven Project] INFO  o.e.m.c.i.l.LifecycleMappingFactory - Using org.eclipse.m2e.jdt.JarLifecycleMapping lifecycle mapping for MavenProject: com.algaworks:algaworks-contatos:0.0.1-SNAPSHOT @ C:\Users\matos\eclipse-workspace\curso-logica-de-programacao-com-java-master\14.08-cadastrando-um-contato\AlgaWorksContatos\pom.xml.
2023-02-08 21:09:57,001 [Worker-4: Updating Maven Project] INFO  o.e.m.c.i.p.ProjectConfigurationManager - Update completed for 1 poms: local refresh takes 0,00 sec, refresh facades takes 1,00 sec, update config takes 0,00 sec 
2023-02-08 21:09:57,079 [Worker-11: Updating Maven Project] INFO  o.e.m.c.i.p.ProjectConfigurationManager - Update started
2023-02-08 21:09:57,587 [Worker-11: Updating Maven Project] INFO  o.e.m.c.i.l.LifecycleMappingFactory - Using org.eclipse.m2e.jdt.JarLifecycleMapping lifecycle mapping for MavenProject: com.algaworks:algaworks-contatos:0.0.1-SNAPSHOT @ C:\Users\matos\eclipse-workspace\curso-logica-de-programacao-com-java-master\14.08-cadastrando-um-contato\AlgaWorksContatos\pom.xml.
2023-02-08 21:09:58,413 [Worker-11: Updating Maven Project] INFO  o.e.m.c.i.p.ProjectConfigurationManager - Update completed for 1 poms: local refresh takes 0,00 sec, refresh facades takes 1,00 sec, update config takes 0,00 sec 
2023-02-08 21:10:00,709 [Worker-6: Building] INFO  o.e.m.c.i.l.LifecycleMappingFactory - Using org.eclipse.m2e.jdt.JarLifecycleMapping lifecycle mapping for MavenProject: com.algaworks:algaworks-contatos:0.0.1-SNAPSHOT @ C:\Users\matos\eclipse-workspace\curso-logica-de-programacao-com-java-master\14.09-preparando-para-a-edicao\AlgaWorksContatos\pom.xml.
2023-02-08 21:10:02,174 [Worker-6: Building] INFO  o.e.m.c.i.l.LifecycleMappingFactory - Using org.eclipse.m2e.jdt.JarLifecycleMapping lifecycle mapping for MavenProject: com.algaworks:algaworks-contatos:0.0.1-SNAPSHOT @ C:\Users\matos\eclipse-workspace\curso-logica-de-programacao-com-java-master\14.10-atualizando-um-contato\AlgaWorksContatos\pom.xml.
2023-02-08 21:10:02,847 [Worker-6: Updating Maven Project] INFO  o.e.m.c.i.p.ProjectConfigurationManager - Update started
2023-02-08 21:10:03,069 [Worker-6: Updating Maven Project] INFO  o.e.m.c.i.l.LifecycleMappingFactory - Using org.eclipse.m2e.jdt.JarLifecycleMapping lifecycle mapping for MavenProject: com.algaworks:algaworks-contatos:0.0.1-SNAPSHOT @ C:\Users\matos\eclipse-workspace\curso-logica-de-programacao-com-java-master\14.09-preparando-para-a-edicao\AlgaWorksContatos\pom.xml.
2023-02-08 21:10:03,763 [Worker-6: Updating Maven Project] INFO  o.e.m.c.i.p.ProjectConfigurationManager - Update completed for 1 poms: local refresh takes 0,00 sec, refresh facades takes 0,00 sec, update config takes 0,00 sec 
2023-02-08 21:10:03,806 [Worker-3: Updating Maven Project] INFO  o.e.m.c.i.p.ProjectConfigurationManager - Update started
2023-02-08 21:10:04,137 [Worker-3: Updating Maven Project] INFO  o.e.m.c.i.l.LifecycleMappingFactory - Using org.eclipse.m2e.jdt.JarLifecycleMapping lifecycle mapping for MavenProject: com.algaworks:algaworks-contatos:0.0.1-SNAPSHOT @ C:\Users\matos\eclipse-workspace\curso-logica-de-programacao-com-java-master\14.10-atualizando-um-contato\AlgaWorksContatos\pom.xml.
2023-02-08 21:10:04,978 [Worker-3: Updating Maven Project] INFO  o.e.m.c.i.p.ProjectConfigurationManager - Update completed for 1 poms: local refresh takes 0,00 sec, refresh facades takes 1,00 sec, update config takes 0,00 sec 
2023-02-08 21:10:06,754 [Worker-12: Building] INFO  o.e.m.c.i.l.LifecycleMappingFactory - Using org.eclipse.m2e.jdt.JarLifecycleMapping lifecycle mapping for MavenProject: com.algaworks:algaworks-contatos:0.0.1-SNAPSHOT @ C:\Users\matos\eclipse-workspace\curso-logica-de-programacao-com-java-master\14.11-removendo-contatos\AlgaWorksContatos\pom.xml.
2023-02-08 21:10:08,164 [Worker-12: Building] INFO  o.e.m.c.i.l.LifecycleMappingFactory - Using org.eclipse.m2e.jdt.JarLifecycleMapping lifecycle mapping for MavenProject: com.algaworks:algaworks-contatos:0.0.1-SNAPSHOT @ C:\Users\matos\eclipse-workspace\curso-logica-de-programacao-com-java-master\14.07-verbos-http\AlgaWorksContatos\pom.xml.
2023-02-08 21:10:08,989 [Worker-12: Updating Maven Project] INFO  o.e.m.c.i.p.ProjectConfigurationManager - Update started
2023-02-08 21:10:09,246 [Worker-12: Updating Maven Project] INFO  o.e.m.c.i.l.LifecycleMappingFactory - Using org.eclipse.m2e.jdt.JarLifecycleMapping lifecycle mapping for MavenProject: com.algaworks:algaworks-contatos:0.0.1-SNAPSHOT @ C:\Users\matos\eclipse-workspace\curso-logica-de-programacao-com-java-master\14.11-removendo-contatos\AlgaWorksContatos\pom.xml.
2023-02-08 21:10:10,159 [Worker-12: Updating Maven Project] INFO  o.e.m.c.i.p.ProjectConfigurationManager - Update completed for 1 poms: local refresh takes 0,00 sec, refresh facades takes 1,00 sec, update config takes 0,00 sec 
2023-02-08 21:10:10,211 [Worker-9: Updating Maven Project] INFO  o.e.m.c.i.p.ProjectConfigurationManager - Update started
2023-02-08 21:10:10,779 [Worker-9: Updating Maven Project] INFO  o.e.m.c.i.l.LifecycleMappingFactory - Using org.eclipse.m2e.jdt.JarLifecycleMapping lifecycle mapping for MavenProject: com.algaworks:algaworks-contatos:0.0.1-SNAPSHOT @ C:\Users\matos\eclipse-workspace\curso-logica-de-programacao-com-java-master\14.07-verbos-http\AlgaWorksContatos\pom.xml.
2023-02-08 21:10:11,693 [Worker-9: Updating Maven Project] INFO  o.e.m.c.i.p.ProjectConfigurationManager - Update completed for 1 poms: local refresh takes 0,00 sec, refresh facades takes 1,00 sec, update config takes 0,00 sec 
2023-02-08 21:10:14,723 [Worker-7: Updating Maven Dependencies] INFO  o.e.m.c.i.l.LifecycleMappingFactory - Using org.eclipse.m2e.jdt.JarLifecycleMapping lifecycle mapping for MavenProject: com.algaworks:algaworks-contatos:0.0.1-SNAPSHOT @ C:\Users\matos\eclipse-workspace\curso-logica-de-programacao-com-java-master\13.05-criando-um-projeto-com-o-sts\AlgaWorksContatos\pom.xml.
2023-02-08 21:10:14,853 [Worker-12: Building] INFO  o.e.m.c.i.l.LifecycleMappingFactory - Using org.eclipse.m2e.jdt.JarLifecycleMapping lifecycle mapping for MavenProject: com.algaworks:cadastro-contatos:0.0.1-SNAPSHOT @ C:\Users\matos\eclipse-workspace\curso-logica-de-programacao-com-java-master\13.01-por-onde-comecar-uma-aplicacao-web\CadastroContatos\pom.xml.
2023-02-08 21:10:18,257 [Worker-13: Updating Maven Dependencies] INFO  o.e.m.c.i.l.LifecycleMappingFactory - Using org.eclipse.m2e.jdt.JarLifecycleMapping lifecycle mapping for MavenProject: com.algaworks:algaworks-contatos:0.0.1-SNAPSHOT @ C:\Users\matos\eclipse-workspace\curso-logica-de-programacao-com-java-master\13.05-criando-um-projeto-com-o-sts\AlgaWorksContatos\pom.xml.
2023-02-08 21:10:18,699 [Worker-13: Updating Maven Dependencies] INFO  o.e.m.c.i.l.LifecycleMappingFactory - Using org.eclipse.m2e.jdt.JarLifecycleMapping lifecycle mapping for MavenProject: com.algaworks:algaworks-contatos:0.0.1-SNAPSHOT @ C:\Users\matos\eclipse-workspace\curso-logica-de-programacao-com-java-master\14.07-verbos-http\AlgaWorksContatos\pom.xml.
2023-02-08 21:10:18,946 [Worker-13: Updating Maven Dependencies] INFO  o.e.m.c.i.l.LifecycleMappingFactory - Using org.eclipse.m2e.jdt.JarLifecycleMapping lifecycle mapping for MavenProject: com.algaworks:algaworks-contatos:0.0.1-SNAPSHOT @ C:\Users\matos\eclipse-workspace\curso-logica-de-programacao-com-java-master\14.04-listando-os-contatos-na-pagina\AlgaWorksContatos\pom.xml.
2023-02-08 21:10:19,238 [Worker-13: Updating Maven Dependencies] INFO  o.e.m.c.i.l.LifecycleMappingFactory - Using org.eclipse.m2e.jdt.JarLifecycleMapping lifecycle mapping for MavenProject: com.algaworks:algaworks-contatos:0.0.1-SNAPSHOT @ C:\Users\matos\eclipse-workspace\curso-logica-de-programacao-com-java-master\14.08-cadastrando-um-contato\AlgaWorksContatos\pom.xml.
2023-02-08 21:10:19,608 [Worker-13: Updating Maven Dependencies] INFO  o.e.m.c.i.l.LifecycleMappingFactory - Using org.eclipse.m2e.jdt.JarLifecycleMapping lifecycle mapping for MavenProject: com.algaworks:algaworks-contatos:0.0.1-SNAPSHOT @ C:\Users\matos\eclipse-workspace\curso-logica-de-programacao-com-java-master\14.10-atualizando-um-contato\AlgaWorksContatos\pom.xml.
2023-02-08 21:10:20,007 [Worker-13: Updating Maven Dependencies] INFO  o.e.m.c.i.l.LifecycleMappingFactory - Using org.eclipse.m2e.jdt.JarLifecycleMapping lifecycle mapping for MavenProject: com.algaworks:algaworks-contatos:0.0.1-SNAPSHOT @ C:\Users\matos\eclipse-workspace\curso-logica-de-programacao-com-java-master\14.02-criando-a-classe-contato\AlgaWorksContatos\pom.xml.
2023-02-08 21:10:20,262 [Worker-13: Updating Maven Dependencies] INFO  o.e.m.c.i.l.LifecycleMappingFactory - Using org.eclipse.m2e.jdt.JarLifecycleMapping lifecycle mapping for MavenProject: com.algaworks:algaworks-contatos:0.0.1-SNAPSHOT @ C:\Users\matos\eclipse-workspace\curso-logica-de-programacao-com-java-master\13.06-incluindo-as-paginas-html-no-projeto\AlgaWorksContatos\pom.xml.
2023-02-08 21:10:20,473 [Worker-13: Updating Maven Dependencies] INFO  o.e.m.c.i.l.LifecycleMappingFactory - Using org.eclipse.m2e.jdt.JarLifecycleMapping lifecycle mapping for MavenProject: com.algaworks:algaworks-contatos:0.0.1-SNAPSHOT @ C:\Users\matos\eclipse-workspace\curso-logica-de-programacao-com-java-master\14.01-importando-o-projeto-de-base\AlgaWorksContatos\pom.xml.
2023-02-08 21:10:20,721 [Worker-13: Updating Maven Dependencies] INFO  o.e.m.c.i.l.LifecycleMappingFactory - Using org.eclipse.m2e.jdt.JarLifecycleMapping lifecycle mapping for MavenProject: com.algaworks:algaworks-contatos:0.0.1-SNAPSHOT @ C:\Users\matos\eclipse-workspace\curso-logica-de-programacao-com-java-master\14.06-fazendo-a-pagina-de-cadastro-funcionar\AlgaWorksContatos\pom.xml.
2023-02-08 21:10:20,961 [Worker-13: Updating Maven Dependencies] INFO  o.e.m.c.i.l.LifecycleMappingFactory - Using org.eclipse.m2e.jdt.JarLifecycleMapping lifecycle mapping for MavenProject: com.algaworks:cadastro-contatos:0.0.1-SNAPSHOT @ C:\Users\matos\eclipse-workspace\curso-logica-de-programacao-com-java-master\13.01-por-onde-comecar-uma-aplicacao-web\CadastroContatos\pom.xml.
2023-02-08 21:10:21,246 [Worker-13: Updating Maven Dependencies] INFO  o.e.m.c.i.l.LifecycleMappingFactory - Using org.eclipse.m2e.jdt.JarLifecycleMapping lifecycle mapping for MavenProject: com.algaworks:algaworks-contatos:0.0.1-SNAPSHOT @ C:\Users\matos\eclipse-workspace\curso-logica-de-programacao-com-java-master\14.09-preparando-para-a-edicao\AlgaWorksContatos\pom.xml.
2023-02-08 21:10:21,545 [Worker-13: Updating Maven Dependencies] INFO  o.e.m.c.i.l.LifecycleMappingFactory - Using org.eclipse.m2e.jdt.JarLifecycleMapping lifecycle mapping for MavenProject: com.algaworks:algaworks-contatos:0.0.1-SNAPSHOT @ C:\Users\matos\eclipse-workspace\curso-logica-de-programacao-com-java-master\14.03-configurando-o-armazenamento-de-contatos\AlgaWorksContatos\pom.xml.
2023-02-08 21:10:21,907 [Worker-13: Updating Maven Dependencies] INFO  o.e.m.c.i.l.LifecycleMappingFactory - Using org.eclipse.m2e.jdt.JarLifecycleMapping lifecycle mapping for MavenProject: com.algaworks:algaworks-contatos:0.0.1-SNAPSHOT @ C:\Users\matos\eclipse-workspace\curso-logica-de-programacao-com-java-master\14.11-removendo-contatos\AlgaWorksContatos\pom.xml.
2023-02-08 21:10:23,180 [Worker-12: Updating Maven Project] INFO  o.e.m.c.i.p.ProjectConfigurationManager - Update started
2023-02-08 21:10:23,817 [Worker-12: Updating Maven Project] INFO  o.e.m.c.i.l.LifecycleMappingFactory - Using org.eclipse.m2e.jdt.JarLifecycleMapping lifecycle mapping for MavenProject: com.algaworks:cadastro-contatos:0.0.1-SNAPSHOT @ C:\Users\matos\eclipse-workspace\curso-logica-de-programacao-com-java-master\13.01-por-onde-comecar-uma-aplicacao-web\CadastroContatos\pom.xml.
2023-02-08 21:10:24,715 [Worker-12: Updating Maven Project] INFO  o.e.m.c.i.p.ProjectConfigurationManager - Update completed for 1 poms: local refresh takes 0,00 sec, refresh facades takes 1,00 sec, update config takes 0,00 sec 
2023-02-08 21:10:28,447 [Worker-14: Updating Maven Dependencies] INFO  o.e.m.c.i.l.LifecycleMappingFactory - Using org.eclipse.m2e.jdt.JarLifecycleMapping lifecycle mapping for MavenProject: com.algaworks:algaworks-contatos:0.0.1-SNAPSHOT @ C:\Users\matos\eclipse-workspace\curso-logica-de-programacao-com-java-master\13.05-criando-um-projeto-com-o-sts\AlgaWorksContatos\pom.xml.
2023-02-08 21:10:28,812 [Worker-14: Updating Maven Dependencies] INFO  o.e.m.c.i.l.LifecycleMappingFactory - Using org.eclipse.m2e.jdt.JarLifecycleMapping lifecycle mapping for MavenProject: com.algaworks:algaworks-contatos:0.0.1-SNAPSHOT @ C:\Users\matos\eclipse-workspace\curso-logica-de-programacao-com-java-master\14.07-verbos-http\AlgaWorksContatos\pom.xml.
2023-02-08 21:10:28,953 [Worker-14: Updating Maven Dependencies] INFO  o.e.m.c.i.l.LifecycleMappingFactory - Using org.eclipse.m2e.jdt.JarLifecycleMapping lifecycle mapping for MavenProject: com.algaworks:algaworks-contatos:0.0.1-SNAPSHOT @ C:\Users\matos\eclipse-workspace\curso-logica-de-programacao-com-java-master\14.04-listando-os-contatos-na-pagina\AlgaWorksContatos\pom.xml.
2023-02-08 21:10:29,094 [Worker-14: Updating Maven Dependencies] INFO  o.e.m.c.i.l.LifecycleMappingFactory - Using org.eclipse.m2e.jdt.JarLifecycleMapping lifecycle mapping for MavenProject: com.algaworks:algaworks-contatos:0.0.1-SNAPSHOT @ C:\Users\matos\eclipse-workspace\curso-logica-de-programacao-com-java-master\14.08-cadastrando-um-contato\AlgaWorksContatos\pom.xml.
2023-02-08 21:10:29,233 [Worker-14: Updating Maven Dependencies] INFO  o.e.m.c.i.l.LifecycleMappingFactory - Using org.eclipse.m2e.jdt.JarLifecycleMapping lifecycle mapping for MavenProject: com.algaworks:algaworks-contatos:0.0.1-SNAPSHOT @ C:\Users\matos\eclipse-workspace\curso-logica-de-programacao-com-java-master\14.10-atualizando-um-contato\AlgaWorksContatos\pom.xml.
2023-02-08 21:10:29,354 [Worker-14: Updating Maven Dependencies] INFO  o.e.m.c.i.l.LifecycleMappingFactory - Using org.eclipse.m2e.jdt.JarLifecycleMapping lifecycle mapping for MavenProject: com.algaworks:algaworks-contatos:0.0.1-SNAPSHOT @ C:\Users\matos\eclipse-workspace\curso-logica-de-programacao-com-java-master\14.02-criando-a-classe-contato\AlgaWorksContatos\pom.xml.
2023-02-08 21:10:29,473 [Worker-14: Updating Maven Dependencies] INFO  o.e.m.c.i.l.LifecycleMappingFactory - Using org.eclipse.m2e.jdt.JarLifecycleMapping lifecycle mapping for MavenProject: com.algaworks:algaworks-contatos:0.0.1-SNAPSHOT @ C:\Users\matos\eclipse-workspace\curso-logica-de-programacao-com-java-master\13.06-incluindo-as-paginas-html-no-projeto\AlgaWorksContatos\pom.xml.
2023-02-08 21:10:29,608 [Worker-14: Updating Maven Dependencies] INFO  o.e.m.c.i.l.LifecycleMappingFactory - Using org.eclipse.m2e.jdt.JarLifecycleMapping lifecycle mapping for MavenProject: com.algaworks:algaworks-contatos:0.0.1-SNAPSHOT @ C:\Users\matos\eclipse-workspace\curso-logica-de-programacao-com-java-master\14.01-importando-o-projeto-de-base\AlgaWorksContatos\pom.xml.
2023-02-08 21:10:29,788 [Worker-14: Updating Maven Dependencies] INFO  o.e.m.c.i.l.LifecycleMappingFactory - Using org.eclipse.m2e.jdt.JarLifecycleMapping lifecycle mapping for MavenProject: com.algaworks:algaworks-contatos:0.0.1-SNAPSHOT @ C:\Users\matos\eclipse-workspace\curso-logica-de-programacao-com-java-master\14.06-fazendo-a-pagina-de-cadastro-funcionar\AlgaWorksContatos\pom.xml.
2023-02-08 21:10:29,921 [Worker-14: Updating Maven Dependencies] INFO  o.e.m.c.i.l.LifecycleMappingFactory - Using org.eclipse.m2e.jdt.JarLifecycleMapping lifecycle mapping for MavenProject: com.algaworks:cadastro-contatos:0.0.1-SNAPSHOT @ C:\Users\matos\eclipse-workspace\curso-logica-de-programacao-com-java-master\13.01-por-onde-comecar-uma-aplicacao-web\CadastroContatos\pom.xml.
2023-02-08 21:10:30,036 [Worker-14: Updating Maven Dependencies] INFO  o.e.m.c.i.l.LifecycleMappingFactory - Using org.eclipse.m2e.jdt.JarLifecycleMapping lifecycle mapping for MavenProject: com.algaworks:algaworks-contatos:0.0.1-SNAPSHOT @ C:\Users\matos\eclipse-workspace\curso-logica-de-programacao-com-java-master\14.09-preparando-para-a-edicao\AlgaWorksContatos\pom.xml.
2023-02-08 21:10:30,190 [Worker-14: Updating Maven Dependencies] INFO  o.e.m.c.i.l.LifecycleMappingFactory - Using org.eclipse.m2e.jdt.JarLifecycleMapping lifecycle mapping for MavenProject: com.algaworks:algaworks-contatos:0.0.1-SNAPSHOT @ C:\Users\matos\eclipse-workspace\curso-logica-de-programacao-com-java-master\14.03-configurando-o-armazenamento-de-contatos\AlgaWorksContatos\pom.xml.
2023-02-08 21:10:30,358 [Worker-14: Updating Maven Dependencies] INFO  o.e.m.c.i.l.LifecycleMappingFactory - Using org.eclipse.m2e.jdt.JarLifecycleMapping lifecycle mapping for MavenProject: com.algaworks:algaworks-contatos:0.0.1-SNAPSHOT @ C:\Users\matos\eclipse-workspace\curso-logica-de-programacao-com-java-master\14.11-removendo-contatos\AlgaWorksContatos\pom.xml.
2023-02-08 21:10:35,592 [Worker-9: Updating Maven Project] INFO  o.e.m.c.i.p.ProjectConfigurationManager - Update started
2023-02-08 21:10:35,779 [Worker-9: Updating Maven Project] INFO  o.e.m.c.i.l.LifecycleMappingFactory - Using org.eclipse.m2e.jdt.JarLifecycleMapping lifecycle mapping for MavenProject: com.algaworks:algaworks-contatos:0.0.1-SNAPSHOT @ C:\Users\matos\eclipse-workspace\curso-logica-de-programacao-com-java-master\13.05-criando-um-projeto-com-o-sts\AlgaWorksContatos\pom.xml.
2023-02-08 21:10:36,372 [Worker-9: Updating Maven Project] INFO  o.e.m.c.i.p.ProjectConfigurationManager - Update completed for 1 poms: local refresh takes 0,00 sec, refresh facades takes 0,00 sec, update config takes 0,00 sec 
2023-02-08 21:10:36,399 [Worker-10: Updating Maven Project] INFO  o.e.m.c.i.p.ProjectConfigurationManager - Update started
2023-02-08 21:10:36,815 [Worker-10: Updating Maven Project] INFO  o.e.m.c.i.l.LifecycleMappingFactory - Using org.eclipse.m2e.jdt.JarLifecycleMapping lifecycle mapping for MavenProject: com.algaworks:algaworks-contatos:0.0.1-SNAPSHOT @ C:\Users\matos\eclipse-workspace\curso-logica-de-programacao-com-java-master\13.05-criando-um-projeto-com-o-sts\AlgaWorksContatos\pom.xml.
2023-02-08 21:10:37,547 [Worker-10: Updating Maven Project] INFO  o.e.m.c.i.p.ProjectConfigurationManager - Update completed for 1 poms: local refresh takes 0,00 sec, refresh facades takes 1,00 sec, update config takes 0,00 sec 
2023-02-08 21:10:37,572 [Worker-4: Updating Maven Project] INFO  o.e.m.c.i.p.ProjectConfigurationManager - Update started
2023-02-08 21:10:37,846 [Worker-4: Updating Maven Project] INFO  o.e.m.c.i.l.LifecycleMappingFactory - Using org.eclipse.m2e.jdt.JarLifecycleMapping lifecycle mapping for MavenProject: com.algaworks:algaworks-contatos:0.0.1-SNAPSHOT @ C:\Users\matos\eclipse-workspace\curso-logica-de-programacao-com-java-master\13.05-criando-um-projeto-com-o-sts\AlgaWorksContatos\pom.xml.
2023-02-08 21:10:38,518 [Worker-4: Updating Maven Project] INFO  o.e.m.c.i.p.ProjectConfigurationManager - Update completed for 1 poms: local refresh takes 0,00 sec, refresh facades takes 0,00 sec, update config takes 0,00 sec 
2023-02-08 21:10:38,579 [Worker-0: Updating Maven Project] INFO  o.e.m.c.i.p.ProjectConfigurationManager - Update started
2023-02-08 21:10:38,840 [Worker-0: Updating Maven Project] INFO  o.e.m.c.i.l.LifecycleMappingFactory - Using org.eclipse.m2e.jdt.JarLifecycleMapping lifecycle mapping for MavenProject: com.algaworks:algaworks-contatos:0.0.1-SNAPSHOT @ C:\Users\matos\eclipse-workspace\curso-logica-de-programacao-com-java-master\13.05-criando-um-projeto-com-o-sts\AlgaWorksContatos\pom.xml.
2023-02-08 21:10:39,497 [Worker-0: Updating Maven Project] INFO  o.e.m.c.i.p.ProjectConfigurationManager - Update completed for 1 poms: local refresh takes 0,00 sec, refresh facades takes 0,00 sec, update config takes 0,00 sec 
2023-02-08 21:10:39,526 [Worker-2: Updating Maven Project] INFO  o.e.m.c.i.p.ProjectConfigurationManager - Update started
2023-02-08 21:10:39,907 [Worker-2: Updating Maven Project] INFO  o.e.m.c.i.l.LifecycleMappingFactory - Using org.eclipse.m2e.jdt.JarLifecycleMapping lifecycle mapping for MavenProject: com.algaworks:algaworks-contatos:0.0.1-SNAPSHOT @ C:\Users\matos\eclipse-workspace\curso-logica-de-programacao-com-java-master\14.07-verbos-http\AlgaWorksContatos\pom.xml.
2023-02-08 21:10:40,595 [Worker-2: Updating Maven Project] INFO  o.e.m.c.i.p.ProjectConfigurationManager - Update completed for 1 poms: local refresh takes 0,00 sec, refresh facades takes 1,00 sec, update config takes 0,00 sec 
2023-02-08 21:10:40,646 [Worker-1: Updating Maven Project] INFO  o.e.m.c.i.p.ProjectConfigurationManager - Update started
2023-02-08 21:10:41,380 [Worker-1: Updating Maven Project] INFO  o.e.m.c.i.l.LifecycleMappingFactory - Using org.eclipse.m2e.jdt.JarLifecycleMapping lifecycle mapping for MavenProject: com.algaworks:algaworks-contatos:0.0.1-SNAPSHOT @ C:\Users\matos\eclipse-workspace\curso-logica-de-programacao-com-java-master\14.07-verbos-http\AlgaWorksContatos\pom.xml.
2023-02-08 21:10:42,114 [Worker-1: Updating Maven Project] INFO  o.e.m.c.i.p.ProjectConfigurationManager - Update completed for 1 poms: local refresh takes 0,00 sec, refresh facades takes 1,00 sec, update config takes 0,00 sec 
2023-02-08 21:10:42,156 [Worker-14: Updating Maven Project] INFO  o.e.m.c.i.p.ProjectConfigurationManager - Update started
2023-02-08 21:10:42,572 [Worker-14: Updating Maven Project] INFO  o.e.m.c.i.l.LifecycleMappingFactory - Using org.eclipse.m2e.jdt.JarLifecycleMapping lifecycle mapping for MavenProject: com.algaworks:algaworks-contatos:0.0.1-SNAPSHOT @ C:\Users\matos\eclipse-workspace\curso-logica-de-programacao-com-java-master\14.07-verbos-http\AlgaWorksContatos\pom.xml.
2023-02-08 21:10:43,169 [Worker-14: Updating Maven Project] INFO  o.e.m.c.i.p.ProjectConfigurationManager - Update completed for 1 poms: local refresh takes 0,00 sec, refresh facades takes 0,00 sec, update config takes 0,00 sec 
2023-02-08 21:10:43,201 [Worker-5: Updating Maven Project] INFO  o.e.m.c.i.p.ProjectConfigurationManager - Update started
2023-02-08 21:10:43,501 [Worker-5: Updating Maven Project] INFO  o.e.m.c.i.l.LifecycleMappingFactory - Using org.eclipse.m2e.jdt.JarLifecycleMapping lifecycle mapping for MavenProject: com.algaworks:algaworks-contatos:0.0.1-SNAPSHOT @ C:\Users\matos\eclipse-workspace\curso-logica-de-programacao-com-java-master\14.07-verbos-http\AlgaWorksContatos\pom.xml.
2023-02-08 21:10:44,068 [Worker-5: Updating Maven Project] INFO  o.e.m.c.i.p.ProjectConfigurationManager - Update completed for 1 poms: local refresh takes 0,00 sec, refresh facades takes 0,00 sec, update config takes 0,00 sec 
2023-02-08 21:10:44,156 [Worker-15: Updating Maven Project] INFO  o.e.m.c.i.p.ProjectConfigurationManager - Update started
2023-02-08 21:10:44,488 [Worker-15: Updating Maven Project] INFO  o.e.m.c.i.l.LifecycleMappingFactory - Using org.eclipse.m2e.jdt.JarLifecycleMapping lifecycle mapping for MavenProject: com.algaworks:algaworks-contatos:0.0.1-SNAPSHOT @ C:\Users\matos\eclipse-workspace\curso-logica-de-programacao-com-java-master\14.04-listando-os-contatos-na-pagina\AlgaWorksContatos\pom.xml.
2023-02-08 21:10:45,139 [Worker-15: Updating Maven Project] INFO  o.e.m.c.i.p.ProjectConfigurationManager - Update completed for 1 poms: local refresh takes 0,00 sec, refresh facades takes 0,00 sec, update config takes 0,00 sec 
2023-02-08 21:10:45,168 [Worker-8: Updating Maven Project] INFO  o.e.m.c.i.p.ProjectConfigurationManager - Update started
2023-02-08 21:10:45,494 [Worker-8: Updating Maven Project] INFO  o.e.m.c.i.l.LifecycleMappingFactory - Using org.eclipse.m2e.jdt.JarLifecycleMapping lifecycle mapping for MavenProject: com.algaworks:algaworks-contatos:0.0.1-SNAPSHOT @ C:\Users\matos\eclipse-workspace\curso-logica-de-programacao-com-java-master\14.04-listando-os-contatos-na-pagina\AlgaWorksContatos\pom.xml.
2023-02-08 21:10:46,110 [Worker-8: Updating Maven Project] INFO  o.e.m.c.i.p.ProjectConfigurationManager - Update completed for 1 poms: local refresh takes 0,00 sec, refresh facades takes 0,00 sec, update config takes 0,00 sec 
2023-02-08 21:10:46,134 [Worker-15: Updating Maven Project] INFO  o.e.m.c.i.p.ProjectConfigurationManager - Update started
2023-02-08 21:10:46,404 [Worker-15: Updating Maven Project] INFO  o.e.m.c.i.l.LifecycleMappingFactory - Using org.eclipse.m2e.jdt.JarLifecycleMapping lifecycle mapping for MavenProject: com.algaworks:algaworks-contatos:0.0.1-SNAPSHOT @ C:\Users\matos\eclipse-workspace\curso-logica-de-programacao-com-java-master\14.04-listando-os-contatos-na-pagina\AlgaWorksContatos\pom.xml.
2023-02-08 21:10:46,941 [Worker-15: Updating Maven Project] INFO  o.e.m.c.i.p.ProjectConfigurationManager - Update completed for 1 poms: local refresh takes 0,00 sec, refresh facades takes 0,00 sec, update config takes 0,00 sec 
2023-02-08 21:10:46,971 [Worker-5: Updating Maven Project] INFO  o.e.m.c.i.p.ProjectConfigurationManager - Update started
2023-02-08 21:10:47,288 [Worker-5: Updating Maven Project] INFO  o.e.m.c.i.l.LifecycleMappingFactory - Using org.eclipse.m2e.jdt.JarLifecycleMapping lifecycle mapping for MavenProject: com.algaworks:algaworks-contatos:0.0.1-SNAPSHOT @ C:\Users\matos\eclipse-workspace\curso-logica-de-programacao-com-java-master\14.04-listando-os-contatos-na-pagina\AlgaWorksContatos\pom.xml.
2023-02-08 21:10:47,913 [Worker-5: Updating Maven Project] INFO  o.e.m.c.i.p.ProjectConfigurationManager - Update completed for 1 poms: local refresh takes 0,00 sec, refresh facades takes 0,00 sec, update config takes 0,00 sec 
2023-02-08 21:10:47,946 [Worker-14: Updating Maven Project] INFO  o.e.m.c.i.p.ProjectConfigurationManager - Update started
2023-02-08 21:10:48,232 [Worker-14: Updating Maven Project] INFO  o.e.m.c.i.l.LifecycleMappingFactory - Using org.eclipse.m2e.jdt.JarLifecycleMapping lifecycle mapping for MavenProject: com.algaworks:algaworks-contatos:0.0.1-SNAPSHOT @ C:\Users\matos\eclipse-workspace\curso-logica-de-programacao-com-java-master\14.08-cadastrando-um-contato\AlgaWorksContatos\pom.xml.
2023-02-08 21:10:48,853 [Worker-14: Updating Maven Project] INFO  o.e.m.c.i.p.ProjectConfigurationManager - Update completed for 1 poms: local refresh takes 0,00 sec, refresh facades takes 0,00 sec, update config takes 0,00 sec 
2023-02-08 21:10:48,885 [Worker-7: Updating Maven Project] INFO  o.e.m.c.i.p.ProjectConfigurationManager - Update started
2023-02-08 21:10:49,176 [Worker-7: Updating Maven Project] INFO  o.e.m.c.i.l.LifecycleMappingFactory - Using org.eclipse.m2e.jdt.JarLifecycleMapping lifecycle mapping for MavenProject: com.algaworks:algaworks-contatos:0.0.1-SNAPSHOT @ C:\Users\matos\eclipse-workspace\curso-logica-de-programacao-com-java-master\14.08-cadastrando-um-contato\AlgaWorksContatos\pom.xml.
2023-02-08 21:10:50,057 [Worker-7: Updating Maven Project] INFO  o.e.m.c.i.p.ProjectConfigurationManager - Update completed for 1 poms: local refresh takes 0,00 sec, refresh facades takes 1,00 sec, update config takes 0,00 sec 
2023-02-08 21:10:50,080 [Worker-14: Updating Maven Project] INFO  o.e.m.c.i.p.ProjectConfigurationManager - Update started
2023-02-08 21:10:50,489 [Worker-14: Updating Maven Project] INFO  o.e.m.c.i.l.LifecycleMappingFactory - Using org.eclipse.m2e.jdt.JarLifecycleMapping lifecycle mapping for MavenProject: com.algaworks:algaworks-contatos:0.0.1-SNAPSHOT @ C:\Users\matos\eclipse-workspace\curso-logica-de-programacao-com-java-master\14.08-cadastrando-um-contato\AlgaWorksContatos\pom.xml.
2023-02-08 21:10:51,159 [Worker-14: Updating Maven Project] INFO  o.e.m.c.i.p.ProjectConfigurationManager - Update completed for 1 poms: local refresh takes 0,00 sec, refresh facades takes 1,00 sec, update config takes 0,00 sec 
2023-02-08 21:10:51,189 [Worker-3: Updating Maven Project] INFO  o.e.m.c.i.p.ProjectConfigurationManager - Update started
2023-02-08 21:10:51,462 [Worker-3: Updating Maven Project] INFO  o.e.m.c.i.l.LifecycleMappingFactory - Using org.eclipse.m2e.jdt.JarLifecycleMapping lifecycle mapping for MavenProject: com.algaworks:algaworks-contatos:0.0.1-SNAPSHOT @ C:\Users\matos\eclipse-workspace\curso-logica-de-programacao-com-java-master\14.08-cadastrando-um-contato\AlgaWorksContatos\pom.xml.
2023-02-08 21:10:52,113 [Worker-3: Updating Maven Project] INFO  o.e.m.c.i.p.ProjectConfigurationManager - Update completed for 1 poms: local refresh takes 0,00 sec, refresh facades takes 0,00 sec, update config takes 0,00 sec 
2023-02-08 21:10:52,140 [Worker-12: Updating Maven Project] INFO  o.e.m.c.i.p.ProjectConfigurationManager - Update started
2023-02-08 21:10:52,425 [Worker-12: Updating Maven Project] INFO  o.e.m.c.i.l.LifecycleMappingFactory - Using org.eclipse.m2e.jdt.JarLifecycleMapping lifecycle mapping for MavenProject: com.algaworks:algaworks-contatos:0.0.1-SNAPSHOT @ C:\Users\matos\eclipse-workspace\curso-logica-de-programacao-com-java-master\14.10-atualizando-um-contato\AlgaWorksContatos\pom.xml.
2023-02-08 21:10:53,076 [Worker-12: Updating Maven Project] INFO  o.e.m.c.i.p.ProjectConfigurationManager - Update completed for 1 poms: local refresh takes 0,00 sec, refresh facades takes 0,00 sec, update config takes 0,00 sec 
2023-02-08 21:10:53,099 [Worker-5: Updating Maven Project] INFO  o.e.m.c.i.p.ProjectConfigurationManager - Update started
2023-02-08 21:10:53,328 [Worker-5: Updating Maven Project] INFO  o.e.m.c.i.l.LifecycleMappingFactory - Using org.eclipse.m2e.jdt.JarLifecycleMapping lifecycle mapping for MavenProject: com.algaworks:algaworks-contatos:0.0.1-SNAPSHOT @ C:\Users\matos\eclipse-workspace\curso-logica-de-programacao-com-java-master\14.10-atualizando-um-contato\AlgaWorksContatos\pom.xml.
2023-02-08 21:10:53,950 [Worker-5: Updating Maven Project] INFO  o.e.m.c.i.p.ProjectConfigurationManager - Update completed for 1 poms: local refresh takes 0,00 sec, refresh facades takes 0,00 sec, update config takes 0,00 sec 
2023-02-08 21:10:53,973 [Worker-13: Updating Maven Project] INFO  o.e.m.c.i.p.ProjectConfigurationManager - Update started
2023-02-08 21:10:54,267 [Worker-13: Updating Maven Project] INFO  o.e.m.c.i.l.LifecycleMappingFactory - Using org.eclipse.m2e.jdt.JarLifecycleMapping lifecycle mapping for MavenProject: com.algaworks:algaworks-contatos:0.0.1-SNAPSHOT @ C:\Users\matos\eclipse-workspace\curso-logica-de-programacao-com-java-master\14.10-atualizando-um-contato\AlgaWorksContatos\pom.xml.
2023-02-08 21:10:54,983 [Worker-13: Updating Maven Project] INFO  o.e.m.c.i.p.ProjectConfigurationManager - Update completed for 1 poms: local refresh takes 0,00 sec, refresh facades takes 0,00 sec, update config takes 0,00 sec 
2023-02-08 21:10:55,062 [Worker-10: Updating Maven Project] INFO  o.e.m.c.i.p.ProjectConfigurationManager - Update started
2023-02-08 21:10:55,645 [Worker-10: Updating Maven Project] INFO  o.e.m.c.i.l.LifecycleMappingFactory - Using org.eclipse.m2e.jdt.JarLifecycleMapping lifecycle mapping for MavenProject: com.algaworks:algaworks-contatos:0.0.1-SNAPSHOT @ C:\Users\matos\eclipse-workspace\curso-logica-de-programacao-com-java-master\14.10-atualizando-um-contato\AlgaWorksContatos\pom.xml.
2023-02-08 21:10:56,471 [Worker-10: Updating Maven Project] INFO  o.e.m.c.i.p.ProjectConfigurationManager - Update completed for 1 poms: local refresh takes 0,00 sec, refresh facades takes 1,00 sec, update config takes 0,00 sec 
2023-02-08 21:10:56,491 [Worker-11: Updating Maven Project] INFO  o.e.m.c.i.p.ProjectConfigurationManager - Update started
2023-02-08 21:10:56,739 [Worker-11: Updating Maven Project] INFO  o.e.m.c.i.l.LifecycleMappingFactory - Using org.eclipse.m2e.jdt.JarLifecycleMapping lifecycle mapping for MavenProject: com.algaworks:algaworks-contatos:0.0.1-SNAPSHOT @ C:\Users\matos\eclipse-workspace\curso-logica-de-programacao-com-java-master\14.02-criando-a-classe-contato\AlgaWorksContatos\pom.xml.
2023-02-08 21:10:57,389 [Worker-11: Updating Maven Project] INFO  o.e.m.c.i.p.ProjectConfigurationManager - Update completed for 1 poms: local refresh takes 0,00 sec, refresh facades takes 0,00 sec, update config takes 0,00 sec 
2023-02-08 21:10:57,410 [Worker-1: Updating Maven Project] INFO  o.e.m.c.i.p.ProjectConfigurationManager - Update started
2023-02-08 21:10:57,662 [Worker-1: Updating Maven Project] INFO  o.e.m.c.i.l.LifecycleMappingFactory - Using org.eclipse.m2e.jdt.JarLifecycleMapping lifecycle mapping for MavenProject: com.algaworks:algaworks-contatos:0.0.1-SNAPSHOT @ C:\Users\matos\eclipse-workspace\curso-logica-de-programacao-com-java-master\14.02-criando-a-classe-contato\AlgaWorksContatos\pom.xml.
2023-02-08 21:10:58,267 [Worker-1: Updating Maven Project] INFO  o.e.m.c.i.p.ProjectConfigurationManager - Update completed for 1 poms: local refresh takes 0,00 sec, refresh facades takes 0,00 sec, update config takes 0,00 sec 
2023-02-08 21:10:58,288 [Worker-0: Updating Maven Project] INFO  o.e.m.c.i.p.ProjectConfigurationManager - Update started
2023-02-08 21:10:58,599 [Worker-0: Updating Maven Project] INFO  o.e.m.c.i.l.LifecycleMappingFactory - Using org.eclipse.m2e.jdt.JarLifecycleMapping lifecycle mapping for MavenProject: com.algaworks:algaworks-contatos:0.0.1-SNAPSHOT @ C:\Users\matos\eclipse-workspace\curso-logica-de-programacao-com-java-master\14.02-criando-a-classe-contato\AlgaWorksContatos\pom.xml.
2023-02-08 21:10:59,261 [Worker-0: Updating Maven Project] INFO  o.e.m.c.i.p.ProjectConfigurationManager - Update completed for 1 poms: local refresh takes 0,00 sec, refresh facades takes 0,00 sec, update config takes 0,00 sec 
2023-02-08 21:10:59,285 [Worker-2: Updating Maven Project] INFO  o.e.m.c.i.p.ProjectConfigurationManager - Update started
2023-02-08 21:10:59,528 [Worker-2: Updating Maven Project] INFO  o.e.m.c.i.l.LifecycleMappingFactory - Using org.eclipse.m2e.jdt.JarLifecycleMapping lifecycle mapping for MavenProject: com.algaworks:algaworks-contatos:0.0.1-SNAPSHOT @ C:\Users\matos\eclipse-workspace\curso-logica-de-programacao-com-java-master\14.02-criando-a-classe-contato\AlgaWorksContatos\pom.xml.
2023-02-08 21:11:00,095 [Worker-2: Updating Maven Project] INFO  o.e.m.c.i.p.ProjectConfigurationManager - Update completed for 1 poms: local refresh takes 0,00 sec, refresh facades takes 0,00 sec, update config takes 0,00 sec 
2023-02-08 21:11:00,121 [Worker-6: Updating Maven Project] INFO  o.e.m.c.i.p.ProjectConfigurationManager - Update started
2023-02-08 21:11:00,417 [Worker-6: Updating Maven Project] INFO  o.e.m.c.i.l.LifecycleMappingFactory - Using org.eclipse.m2e.jdt.JarLifecycleMapping lifecycle mapping for MavenProject: com.algaworks:algaworks-contatos:0.0.1-SNAPSHOT @ C:\Users\matos\eclipse-workspace\curso-logica-de-programacao-com-java-master\13.06-incluindo-as-paginas-html-no-projeto\AlgaWorksContatos\pom.xml.
2023-02-08 21:11:01,153 [Worker-6: Updating Maven Project] INFO  o.e.m.c.i.p.ProjectConfigurationManager - Update completed for 1 poms: local refresh takes 0,00 sec, refresh facades takes 0,00 sec, update config takes 0,00 sec 
2023-02-08 21:11:01,180 [Worker-9: Updating Maven Project] INFO  o.e.m.c.i.p.ProjectConfigurationManager - Update started
2023-02-08 21:11:01,537 [Worker-9: Updating Maven Project] INFO  o.e.m.c.i.l.LifecycleMappingFactory - Using org.eclipse.m2e.jdt.JarLifecycleMapping lifecycle mapping for MavenProject: com.algaworks:algaworks-contatos:0.0.1-SNAPSHOT @ C:\Users\matos\eclipse-workspace\curso-logica-de-programacao-com-java-master\13.06-incluindo-as-paginas-html-no-projeto\AlgaWorksContatos\pom.xml.
2023-02-08 21:11:02,364 [Worker-9: Updating Maven Project] INFO  o.e.m.c.i.p.ProjectConfigurationManager - Update completed for 1 poms: local refresh takes 0,00 sec, refresh facades takes 1,00 sec, update config takes 0,00 sec 
2023-02-08 21:11:02,402 [Worker-9: Updating Maven Project] INFO  o.e.m.c.i.p.ProjectConfigurationManager - Update started
2023-02-08 21:11:02,740 [Worker-9: Updating Maven Project] INFO  o.e.m.c.i.l.LifecycleMappingFactory - Using org.eclipse.m2e.jdt.JarLifecycleMapping lifecycle mapping for MavenProject: com.algaworks:algaworks-contatos:0.0.1-SNAPSHOT @ C:\Users\matos\eclipse-workspace\curso-logica-de-programacao-com-java-master\13.06-incluindo-as-paginas-html-no-projeto\AlgaWorksContatos\pom.xml.
2023-02-08 21:11:03,482 [Worker-9: Updating Maven Project] INFO  o.e.m.c.i.p.ProjectConfigurationManager - Update completed for 1 poms: local refresh takes 0,00 sec, refresh facades takes 1,00 sec, update config takes 0,00 sec 
2023-02-08 21:11:03,514 [Worker-10: Updating Maven Project] INFO  o.e.m.c.i.p.ProjectConfigurationManager - Update started
2023-02-08 21:11:03,829 [Worker-10: Updating Maven Project] INFO  o.e.m.c.i.l.LifecycleMappingFactory - Using org.eclipse.m2e.jdt.JarLifecycleMapping lifecycle mapping for MavenProject: com.algaworks:algaworks-contatos:0.0.1-SNAPSHOT @ C:\Users\matos\eclipse-workspace\curso-logica-de-programacao-com-java-master\13.06-incluindo-as-paginas-html-no-projeto\AlgaWorksContatos\pom.xml.
2023-02-08 21:11:04,770 [Worker-10: Updating Maven Project] INFO  o.e.m.c.i.p.ProjectConfigurationManager - Update completed for 1 poms: local refresh takes 0,00 sec, refresh facades takes 1,00 sec, update config takes 0,00 sec 
2023-02-08 21:11:04,795 [Worker-2: Updating Maven Project] INFO  o.e.m.c.i.p.ProjectConfigurationManager - Update started
2023-02-08 21:11:05,136 [Worker-2: Updating Maven Project] INFO  o.e.m.c.i.l.LifecycleMappingFactory - Using org.eclipse.m2e.jdt.JarLifecycleMapping lifecycle mapping for MavenProject: com.algaworks:algaworks-contatos:0.0.1-SNAPSHOT @ C:\Users\matos\eclipse-workspace\curso-logica-de-programacao-com-java-master\14.01-importando-o-projeto-de-base\AlgaWorksContatos\pom.xml.
2023-02-08 21:11:05,736 [Worker-2: Updating Maven Project] INFO  o.e.m.c.i.p.ProjectConfigurationManager - Update completed for 1 poms: local refresh takes 0,00 sec, refresh facades takes 0,00 sec, update config takes 0,00 sec 
2023-02-08 21:11:05,756 [Worker-1: Updating Maven Project] INFO  o.e.m.c.i.p.ProjectConfigurationManager - Update started
2023-02-08 21:11:06,011 [Worker-1: Updating Maven Project] INFO  o.e.m.c.i.l.LifecycleMappingFactory - Using org.eclipse.m2e.jdt.JarLifecycleMapping lifecycle mapping for MavenProject: com.algaworks:algaworks-contatos:0.0.1-SNAPSHOT @ C:\Users\matos\eclipse-workspace\curso-logica-de-programacao-com-java-master\14.01-importando-o-projeto-de-base\AlgaWorksContatos\pom.xml.
2023-02-08 21:11:06,733 [Worker-1: Updating Maven Project] INFO  o.e.m.c.i.p.ProjectConfigurationManager - Update completed for 1 poms: local refresh takes 0,00 sec, refresh facades takes 0,00 sec, update config takes 0,00 sec 
2023-02-08 21:11:06,755 [Worker-7: Updating Maven Project] INFO  o.e.m.c.i.p.ProjectConfigurationManager - Update started
2023-02-08 21:11:07,008 [Worker-7: Updating Maven Project] INFO  o.e.m.c.i.l.LifecycleMappingFactory - Using org.eclipse.m2e.jdt.JarLifecycleMapping lifecycle mapping for MavenProject: com.algaworks:algaworks-contatos:0.0.1-SNAPSHOT @ C:\Users\matos\eclipse-workspace\curso-logica-de-programacao-com-java-master\14.01-importando-o-projeto-de-base\AlgaWorksContatos\pom.xml.
2023-02-08 21:11:07,703 [Worker-7: Updating Maven Project] INFO  o.e.m.c.i.p.ProjectConfigurationManager - Update completed for 1 poms: local refresh takes 0,00 sec, refresh facades takes 0,00 sec, update config takes 0,00 sec 
2023-02-08 21:11:07,761 [Worker-9: Updating Maven Project] INFO  o.e.m.c.i.p.ProjectConfigurationManager - Update started
2023-02-08 21:11:08,179 [Worker-9: Updating Maven Project] INFO  o.e.m.c.i.l.LifecycleMappingFactory - Using org.eclipse.m2e.jdt.JarLifecycleMapping lifecycle mapping for MavenProject: com.algaworks:algaworks-contatos:0.0.1-SNAPSHOT @ C:\Users\matos\eclipse-workspace\curso-logica-de-programacao-com-java-master\14.01-importando-o-projeto-de-base\AlgaWorksContatos\pom.xml.
2023-02-08 21:11:08,855 [Worker-9: Updating Maven Project] INFO  o.e.m.c.i.p.ProjectConfigurationManager - Update completed for 1 poms: local refresh takes 0,00 sec, refresh facades takes 1,00 sec, update config takes 0,00 sec 
2023-02-08 21:11:08,884 [Worker-10: Updating Maven Project] INFO  o.e.m.c.i.p.ProjectConfigurationManager - Update started
2023-02-08 21:11:09,187 [Worker-10: Updating Maven Project] INFO  o.e.m.c.i.l.LifecycleMappingFactory - Using org.eclipse.m2e.jdt.JarLifecycleMapping lifecycle mapping for MavenProject: com.algaworks:algaworks-contatos:0.0.1-SNAPSHOT @ C:\Users\matos\eclipse-workspace\curso-logica-de-programacao-com-java-master\14.06-fazendo-a-pagina-de-cadastro-funcionar\AlgaWorksContatos\pom.xml.
2023-02-08 21:11:09,790 [Worker-10: Updating Maven Project] INFO  o.e.m.c.i.p.ProjectConfigurationManager - Update completed for 1 poms: local refresh takes 0,00 sec, refresh facades takes 0,00 sec, update config takes 0,00 sec 
2023-02-08 21:11:09,820 [Worker-3: Updating Maven Project] INFO  o.e.m.c.i.p.ProjectConfigurationManager - Update started
2023-02-08 21:11:10,161 [Worker-3: Updating Maven Project] INFO  o.e.m.c.i.l.LifecycleMappingFactory - Using org.eclipse.m2e.jdt.JarLifecycleMapping lifecycle mapping for MavenProject: com.algaworks:algaworks-contatos:0.0.1-SNAPSHOT @ C:\Users\matos\eclipse-workspace\curso-logica-de-programacao-com-java-master\14.06-fazendo-a-pagina-de-cadastro-funcionar\AlgaWorksContatos\pom.xml.
2023-02-08 21:11:10,865 [Worker-3: Updating Maven Project] INFO  o.e.m.c.i.p.ProjectConfigurationManager - Update completed for 1 poms: local refresh takes 0,00 sec, refresh facades takes 0,00 sec, update config takes 0,00 sec 
2023-02-08 21:11:10,895 [Worker-8: Updating Maven Project] INFO  o.e.m.c.i.p.ProjectConfigurationManager - Update started
2023-02-08 21:11:11,174 [Worker-8: Updating Maven Project] INFO  o.e.m.c.i.l.LifecycleMappingFactory - Using org.eclipse.m2e.jdt.JarLifecycleMapping lifecycle mapping for MavenProject: com.algaworks:algaworks-contatos:0.0.1-SNAPSHOT @ C:\Users\matos\eclipse-workspace\curso-logica-de-programacao-com-java-master\14.06-fazendo-a-pagina-de-cadastro-funcionar\AlgaWorksContatos\pom.xml.
2023-02-08 21:11:12,009 [Worker-8: Updating Maven Project] INFO  o.e.m.c.i.p.ProjectConfigurationManager - Update completed for 1 poms: local refresh takes 0,00 sec, refresh facades takes 1,00 sec, update config takes 0,00 sec 
2023-02-08 21:11:12,034 [Worker-12: Updating Maven Project] INFO  o.e.m.c.i.p.ProjectConfigurationManager - Update started
2023-02-08 21:11:12,286 [Worker-12: Updating Maven Project] INFO  o.e.m.c.i.l.LifecycleMappingFactory - Using org.eclipse.m2e.jdt.JarLifecycleMapping lifecycle mapping for MavenProject: com.algaworks:algaworks-contatos:0.0.1-SNAPSHOT @ C:\Users\matos\eclipse-workspace\curso-logica-de-programacao-com-java-master\14.06-fazendo-a-pagina-de-cadastro-funcionar\AlgaWorksContatos\pom.xml.
2023-02-08 21:11:12,920 [Worker-12: Updating Maven Project] INFO  o.e.m.c.i.p.ProjectConfigurationManager - Update completed for 1 poms: local refresh takes 0,00 sec, refresh facades takes 0,00 sec, update config takes 0,00 sec 
2023-02-08 21:11:12,947 [Worker-11: Updating Maven Project] INFO  o.e.m.c.i.p.ProjectConfigurationManager - Update started
2023-02-08 21:11:13,280 [Worker-11: Updating Maven Project] INFO  o.e.m.c.i.l.LifecycleMappingFactory - Using org.eclipse.m2e.jdt.JarLifecycleMapping lifecycle mapping for MavenProject: com.algaworks:cadastro-contatos:0.0.1-SNAPSHOT @ C:\Users\matos\eclipse-workspace\curso-logica-de-programacao-com-java-master\13.01-por-onde-comecar-uma-aplicacao-web\CadastroContatos\pom.xml.
2023-02-08 21:11:13,952 [Worker-11: Updating Maven Project] INFO  o.e.m.c.i.p.ProjectConfigurationManager - Update completed for 1 poms: local refresh takes 0,00 sec, refresh facades takes 0,00 sec, update config takes 0,00 sec 
2023-02-08 21:11:13,979 [Worker-13: Updating Maven Project] INFO  o.e.m.c.i.p.ProjectConfigurationManager - Update started
2023-02-08 21:11:14,284 [Worker-13: Updating Maven Project] INFO  o.e.m.c.i.l.LifecycleMappingFactory - Using org.eclipse.m2e.jdt.JarLifecycleMapping lifecycle mapping for MavenProject: com.algaworks:cadastro-contatos:0.0.1-SNAPSHOT @ C:\Users\matos\eclipse-workspace\curso-logica-de-programacao-com-java-master\13.01-por-onde-comecar-uma-aplicacao-web\CadastroContatos\pom.xml.
2023-02-08 21:11:14,992 [Worker-13: Updating Maven Project] INFO  o.e.m.c.i.p.ProjectConfigurationManager - Update completed for 1 poms: local refresh takes 0,00 sec, refresh facades takes 0,00 sec, update config takes 0,00 sec 
2023-02-08 21:11:15,023 [Worker-4: Updating Maven Project] INFO  o.e.m.c.i.p.ProjectConfigurationManager - Update started
2023-02-08 21:11:15,330 [Worker-4: Updating Maven Project] INFO  o.e.m.c.i.l.LifecycleMappingFactory - Using org.eclipse.m2e.jdt.JarLifecycleMapping lifecycle mapping for MavenProject: com.algaworks:cadastro-contatos:0.0.1-SNAPSHOT @ C:\Users\matos\eclipse-workspace\curso-logica-de-programacao-com-java-master\13.01-por-onde-comecar-uma-aplicacao-web\CadastroContatos\pom.xml.
2023-02-08 21:11:15,874 [Worker-4: Updating Maven Project] INFO  o.e.m.c.i.p.ProjectConfigurationManager - Update completed for 1 poms: local refresh takes 0,00 sec, refresh facades takes 0,00 sec, update config takes 0,00 sec 
2023-02-08 21:11:15,895 [Worker-5: Updating Maven Project] INFO  o.e.m.c.i.p.ProjectConfigurationManager - Update started
2023-02-08 21:11:16,152 [Worker-5: Updating Maven Project] INFO  o.e.m.c.i.l.LifecycleMappingFactory - Using org.eclipse.m2e.jdt.JarLifecycleMapping lifecycle mapping for MavenProject: com.algaworks:cadastro-contatos:0.0.1-SNAPSHOT @ C:\Users\matos\eclipse-workspace\curso-logica-de-programacao-com-java-master\13.01-por-onde-comecar-uma-aplicacao-web\CadastroContatos\pom.xml.
2023-02-08 21:11:16,939 [Worker-5: Updating Maven Project] INFO  o.e.m.c.i.p.ProjectConfigurationManager - Update completed for 1 poms: local refresh takes 0,00 sec, refresh facades takes 0,00 sec, update config takes 0,00 sec 
2023-02-08 21:11:16,978 [Worker-2: Updating Maven Project] INFO  o.e.m.c.i.p.ProjectConfigurationManager - Update started
2023-02-08 21:11:17,462 [Worker-2: Updating Maven Project] INFO  o.e.m.c.i.l.LifecycleMappingFactory - Using org.eclipse.m2e.jdt.JarLifecycleMapping lifecycle mapping for MavenProject: com.algaworks:algaworks-contatos:0.0.1-SNAPSHOT @ C:\Users\matos\eclipse-workspace\curso-logica-de-programacao-com-java-master\14.09-preparando-para-a-edicao\AlgaWorksContatos\pom.xml.
2023-02-08 21:11:18,010 [Worker-2: Updating Maven Project] INFO  o.e.m.c.i.p.ProjectConfigurationManager - Update completed for 1 poms: local refresh takes 0,00 sec, refresh facades takes 0,00 sec, update config takes 0,00 sec 
2023-02-08 21:11:18,033 [Worker-5: Updating Maven Project] INFO  o.e.m.c.i.p.ProjectConfigurationManager - Update started
2023-02-08 21:11:18,266 [Worker-5: Updating Maven Project] INFO  o.e.m.c.i.l.LifecycleMappingFactory - Using org.eclipse.m2e.jdt.JarLifecycleMapping lifecycle mapping for MavenProject: com.algaworks:algaworks-contatos:0.0.1-SNAPSHOT @ C:\Users\matos\eclipse-workspace\curso-logica-de-programacao-com-java-master\14.09-preparando-para-a-edicao\AlgaWorksContatos\pom.xml.
2023-02-08 21:11:18,897 [Worker-5: Updating Maven Project] INFO  o.e.m.c.i.p.ProjectConfigurationManager - Update completed for 1 poms: local refresh takes 0,00 sec, refresh facades takes 0,00 sec, update config takes 0,00 sec 
2023-02-08 21:11:18,919 [Worker-10: Updating Maven Project] INFO  o.e.m.c.i.p.ProjectConfigurationManager - Update started
2023-02-08 21:11:19,156 [Worker-10: Updating Maven Project] INFO  o.e.m.c.i.l.LifecycleMappingFactory - Using org.eclipse.m2e.jdt.JarLifecycleMapping lifecycle mapping for MavenProject: com.algaworks:algaworks-contatos:0.0.1-SNAPSHOT @ C:\Users\matos\eclipse-workspace\curso-logica-de-programacao-com-java-master\14.09-preparando-para-a-edicao\AlgaWorksContatos\pom.xml.
2023-02-08 21:11:19,707 [Worker-10: Updating Maven Project] INFO  o.e.m.c.i.p.ProjectConfigurationManager - Update completed for 1 poms: local refresh takes 0,00 sec, refresh facades takes 0,00 sec, update config takes 0,00 sec 
2023-02-08 21:11:19,734 [Worker-11: Updating Maven Project] INFO  o.e.m.c.i.p.ProjectConfigurationManager - Update started
2023-02-08 21:11:20,021 [Worker-11: Updating Maven Project] INFO  o.e.m.c.i.l.LifecycleMappingFactory - Using org.eclipse.m2e.jdt.JarLifecycleMapping lifecycle mapping for MavenProject: com.algaworks:algaworks-contatos:0.0.1-SNAPSHOT @ C:\Users\matos\eclipse-workspace\curso-logica-de-programacao-com-java-master\14.09-preparando-para-a-edicao\AlgaWorksContatos\pom.xml.
2023-02-08 21:11:20,623 [Worker-11: Updating Maven Project] INFO  o.e.m.c.i.p.ProjectConfigurationManager - Update completed for 1 poms: local refresh takes 0,00 sec, refresh facades takes 0,00 sec, update config takes 0,00 sec 
2023-02-08 21:11:20,647 [Worker-9: Updating Maven Project] INFO  o.e.m.c.i.p.ProjectConfigurationManager - Update started
2023-02-08 21:11:20,953 [Worker-9: Updating Maven Project] INFO  o.e.m.c.i.l.LifecycleMappingFactory - Using org.eclipse.m2e.jdt.JarLifecycleMapping lifecycle mapping for MavenProject: com.algaworks:algaworks-contatos:0.0.1-SNAPSHOT @ C:\Users\matos\eclipse-workspace\curso-logica-de-programacao-com-java-master\14.03-configurando-o-armazenamento-de-contatos\AlgaWorksContatos\pom.xml.
2023-02-08 21:11:21,516 [Worker-9: Updating Maven Project] INFO  o.e.m.c.i.p.ProjectConfigurationManager - Update completed for 1 poms: local refresh takes 0,00 sec, refresh facades takes 0,00 sec, update config takes 0,00 sec 
2023-02-08 21:11:21,543 [Worker-7: Updating Maven Project] INFO  o.e.m.c.i.p.ProjectConfigurationManager - Update started
2023-02-08 21:11:21,842 [Worker-7: Updating Maven Project] INFO  o.e.m.c.i.l.LifecycleMappingFactory - Using org.eclipse.m2e.jdt.JarLifecycleMapping lifecycle mapping for MavenProject: com.algaworks:algaworks-contatos:0.0.1-SNAPSHOT @ C:\Users\matos\eclipse-workspace\curso-logica-de-programacao-com-java-master\14.03-configurando-o-armazenamento-de-contatos\AlgaWorksContatos\pom.xml.
2023-02-08 21:11:22,513 [Worker-7: Updating Maven Project] INFO  o.e.m.c.i.p.ProjectConfigurationManager - Update completed for 1 poms: local refresh takes 0,00 sec, refresh facades takes 0,00 sec, update config takes 0,00 sec 
2023-02-08 21:11:22,539 [Worker-2: Updating Maven Project] INFO  o.e.m.c.i.p.ProjectConfigurationManager - Update started
2023-02-08 21:11:22,829 [Worker-2: Updating Maven Project] INFO  o.e.m.c.i.l.LifecycleMappingFactory - Using org.eclipse.m2e.jdt.JarLifecycleMapping lifecycle mapping for MavenProject: com.algaworks:algaworks-contatos:0.0.1-SNAPSHOT @ C:\Users\matos\eclipse-workspace\curso-logica-de-programacao-com-java-master\14.03-configurando-o-armazenamento-de-contatos\AlgaWorksContatos\pom.xml.
2023-02-08 21:11:23,417 [Worker-2: Updating Maven Project] INFO  o.e.m.c.i.p.ProjectConfigurationManager - Update completed for 1 poms: local refresh takes 0,00 sec, refresh facades takes 0,00 sec, update config takes 0,00 sec 
2023-02-08 21:11:23,438 [Worker-8: Updating Maven Project] INFO  o.e.m.c.i.p.ProjectConfigurationManager - Update started
2023-02-08 21:11:23,679 [Worker-8: Updating Maven Project] INFO  o.e.m.c.i.l.LifecycleMappingFactory - Using org.eclipse.m2e.jdt.JarLifecycleMapping lifecycle mapping for MavenProject: com.algaworks:algaworks-contatos:0.0.1-SNAPSHOT @ C:\Users\matos\eclipse-workspace\curso-logica-de-programacao-com-java-master\14.03-configurando-o-armazenamento-de-contatos\AlgaWorksContatos\pom.xml.
2023-02-08 21:11:24,274 [Worker-8: Updating Maven Project] INFO  o.e.m.c.i.p.ProjectConfigurationManager - Update completed for 1 poms: local refresh takes 0,00 sec, refresh facades takes 0,00 sec, update config takes 0,00 sec 
2023-02-08 21:11:24,299 [Worker-5: Updating Maven Project] INFO  o.e.m.c.i.p.ProjectConfigurationManager - Update started
2023-02-08 21:11:24,595 [Worker-5: Updating Maven Project] INFO  o.e.m.c.i.l.LifecycleMappingFactory - Using org.eclipse.m2e.jdt.JarLifecycleMapping lifecycle mapping for MavenProject: com.algaworks:algaworks-contatos:0.0.1-SNAPSHOT @ C:\Users\matos\eclipse-workspace\curso-logica-de-programacao-com-java-master\14.11-removendo-contatos\AlgaWorksContatos\pom.xml.
2023-02-08 21:11:25,134 [Worker-5: Updating Maven Project] INFO  o.e.m.c.i.p.ProjectConfigurationManager - Update completed for 1 poms: local refresh takes 0,00 sec, refresh facades takes 0,00 sec, update config takes 0,00 sec 
2023-02-08 21:11:25,160 [Worker-10: Updating Maven Project] INFO  o.e.m.c.i.p.ProjectConfigurationManager - Update started
2023-02-08 21:11:25,435 [Worker-10: Updating Maven Project] INFO  o.e.m.c.i.l.LifecycleMappingFactory - Using org.eclipse.m2e.jdt.JarLifecycleMapping lifecycle mapping for MavenProject: com.algaworks:algaworks-contatos:0.0.1-SNAPSHOT @ C:\Users\matos\eclipse-workspace\curso-logica-de-programacao-com-java-master\14.11-removendo-contatos\AlgaWorksContatos\pom.xml.
2023-02-08 21:11:26,077 [Worker-10: Updating Maven Project] INFO  o.e.m.c.i.p.ProjectConfigurationManager - Update completed for 1 poms: local refresh takes 0,00 sec, refresh facades takes 0,00 sec, update config takes 0,00 sec 
2023-02-08 21:11:26,105 [Worker-5: Updating Maven Project] INFO  o.e.m.c.i.p.ProjectConfigurationManager - Update started
2023-02-08 21:11:26,378 [Worker-5: Updating Maven Project] INFO  o.e.m.c.i.l.LifecycleMappingFactory - Using org.eclipse.m2e.jdt.JarLifecycleMapping lifecycle mapping for MavenProject: com.algaworks:algaworks-contatos:0.0.1-SNAPSHOT @ C:\Users\matos\eclipse-workspace\curso-logica-de-programacao-com-java-master\14.11-removendo-contatos\AlgaWorksContatos\pom.xml.
2023-02-08 21:11:27,007 [Worker-5: Updating Maven Project] INFO  o.e.m.c.i.p.ProjectConfigurationManager - Update completed for 1 poms: local refresh takes 0,00 sec, refresh facades takes 0,00 sec, update config takes 0,00 sec 
2023-02-08 21:11:27,025 [Worker-13: Updating Maven Project] INFO  o.e.m.c.i.p.ProjectConfigurationManager - Update started
2023-02-08 21:11:27,301 [Worker-13: Updating Maven Project] INFO  o.e.m.c.i.l.LifecycleMappingFactory - Using org.eclipse.m2e.jdt.JarLifecycleMapping lifecycle mapping for MavenProject: com.algaworks:algaworks-contatos:0.0.1-SNAPSHOT @ C:\Users\matos\eclipse-workspace\curso-logica-de-programacao-com-java-master\14.11-removendo-contatos\AlgaWorksContatos\pom.xml.
2023-02-08 21:11:27,975 [Worker-13: Updating Maven Project] INFO  o.e.m.c.i.p.ProjectConfigurationManager - Update completed for 1 poms: local refresh takes 0,00 sec, refresh facades takes 0,00 sec, update config takes 0,00 sec 
2023-02-08 21:13:48,029 [Worker-4: Loading available Gradle versions] INFO  o.e.b.c.i.u.g.PublishedGradleVersions - Gradle version information cache is up-to-date. Trying to read.
2023-02-08 21:15:16,023 [Worker-2: Loading available Gradle versions] INFO  o.e.b.c.i.u.g.PublishedGradleVersions - Gradle version information cache is up-to-date. Trying to read.
2023-02-10 13:43:50,770 [Worker-0: Loading available Gradle versions] INFO  o.e.b.c.i.u.g.PublishedGradleVersions - Gradle version information cache is out-of-date. Trying to update.
2023-02-10 13:43:52,123 [Worker-0: Loading available Gradle versions] INFO  o.e.b.c.i.u.g.PublishedGradleVersions - Updating Gradle version information cache failed. Using outdated cache.
2023-02-12 09:11:23,605 [Worker-1: Loading available Gradle versions] INFO  o.e.b.c.i.u.g.PublishedGradleVersions - Gradle version information cache is out-of-date. Trying to update.
2023-02-14 12:21:20,988 [Worker-0: Loading available Gradle versions] INFO  o.e.b.c.i.u.g.PublishedGradleVersions - Gradle version information cache is out-of-date. Trying to update.
2023-02-14 12:21:22,189 [Worker-0: Loading available Gradle versions] INFO  o.e.b.c.i.u.g.PublishedGradleVersions - Updating Gradle version information cache failed. Using outdated cache.
2023-02-16 12:15:18,254 [Worker-12: Loading available Gradle versions] INFO  o.e.b.c.i.u.g.PublishedGradleVersions - Gradle version information cache is out-of-date. Trying to update.
2023-02-16 12:15:18,927 [Worker-12: Loading available Gradle versions] INFO  o.e.b.c.i.u.g.PublishedGradleVersions - Updating Gradle version information cache failed. Using outdated cache.
2023-02-20 14:30:40,906 [Worker-10: Loading available Gradle versions] INFO  o.e.b.c.i.u.g.PublishedGradleVersions - Gradle version information cache is out-of-date. Trying to update.
2023-02-22 09:36:19,275 [Worker-0: Loading available Gradle versions] INFO  o.e.b.c.i.u.g.PublishedGradleVersions - Gradle version information cache is out-of-date. Trying to update.
